# JRE version: Java(TM) SE Runtime Environment (8.0_144-b01) (build 1.8.0_144-b01)
# Java VM: Java HotSpot(TM) Client VM (25.144-b01 mixed mode windows-x86 )
Heap:
 def new generation   total 121856K, used 111895K [0x03e00000, 0x0c230000, 0x19350000)
  eden space 108352K, 100% used [0x03e00000, 0x0a7d0000, 0x0a7d0000)
  from space 13504K,  26% used [0x0a7d0000, 0x0ab45ef0, 0x0b500000)
  to   space 13504K,   4% used [0x0b500000, 0x0b591330, 0x0c230000)
 tenured generation   total 270580K, used 168086K [0x19350000, 0x29b8d000, 0x43e00000)
   the space 270580K,  62% used [0x19350000, 0x237758f0, 0x23775a00, 0x29b8d000)
 Metaspace       used 281098K, capacity 294097K, committed 294144K, reserved 294272K
GC Heap History (10 events):
Event: 8371.730 GC heap after
Heap after GC invocations=551 (full 32):
 def new generation   total 95616K, used 5474K [0x03e00000, 0x0a5b0000, 0x19350000)
  eden space 85056K,   0% used [0x03e00000, 0x03e00000, 0x09110000)
  from space 10560K,  51% used [0x09110000, 0x09668b08, 0x09b60000)
  to   space 10560K,   0% used [0x09b60000, 0x09b60000, 0x0a5b0000)
 tenured generation   total 212196K, used 205222K [0x19350000, 0x26289000, 0x43e00000)
   the space 212196K,  96% used [0x19350000, 0x25bb99b8, 0x25bb9a00, 0x26289000)
 Metaspace       used 271453K, capacity 284314K, committed 284416K, reserved 285056K
}
Event: 8374.395 GC heap before
{Heap before GC invocations=551 (full 32):
 def new generation   total 95616K, used 90530K [0x03e00000, 0x0a5b0000, 0x19350000)
  eden space 85056K, 100% used [0x03e00000, 0x09110000, 0x09110000)
  from space 10560K,  51% used [0x09110000, 0x09668b08, 0x09b60000)
  to   space 10560K,   0% used [0x09b60000, 0x09b60000, 0x0a5b0000)
 tenured generation   total 212196K, used 205222K [0x19350000, 0x26289000, 0x43e00000)
   the space 212196K,  96% used [0x19350000, 0x25bb99b8, 0x25bb9a00, 0x26289000)
 Metaspace       used 272194K, capacity 285134K, committed 285184K, reserved 286080K
Event: 8374.620 GC heap after
Heap after GC invocations=552 (full 32):
 def new generation   total 95616K, used 9733K [0x03e00000, 0x0a5b0000, 0x19350000)
  eden space 85056K,   0% used [0x03e00000, 0x03e00000, 0x09110000)
  from space 10560K,  92% used [0x09b60000, 0x0a4e1740, 0x0a5b0000)
  to   space 10560K,   0% used [0x09110000, 0x09110000, 0x09b60000)
 tenured generation   total 212196K, used 207360K [0x19350000, 0x26289000, 0x43e00000)
   the space 212196K,  97% used [0x19350000, 0x25dd02a0, 0x25dd0400, 0x26289000)
 Metaspace       used 272194K, capacity 285134K, committed 285184K, reserved 286080K
}
Event: 8383.036 GC heap before
{Heap before GC invocations=552 (full 32):
 def new generation   total 95616K, used 94789K [0x03e00000, 0x0a5b0000, 0x19350000)
  eden space 85056K, 100% used [0x03e00000, 0x09110000, 0x09110000)
  from space 10560K,  92% used [0x09b60000, 0x0a4e1740, 0x0a5b0000)
  to   space 10560K,   0% used [0x09110000, 0x09110000, 0x09b60000)
 tenured generation   total 212196K, used 207360K [0x19350000, 0x26289000, 0x43e00000)
   the space 212196K,  97% used [0x19350000, 0x25dd02a0, 0x25dd0400, 0x26289000)
 Metaspace       used 273707K, capacity 286707K, committed 286720K, reserved 287104K
Event: 8429.780 GC heap after
Heap after GC invocations=553 (full 33):
 def new generation   total 121856K, used 0K [0x03e00000, 0x0c230000, 0x19350000)
  eden space 108352K,   0% used [0x03e00000, 0x03e00000, 0x0a7d0000)
  from space 13504K,   0% used [0x0a7d0000, 0x0a7d0000, 0x0b500000)
  to   space 13504K,   0% used [0x0b500000, 0x0b500000, 0x0c230000)
 tenured generation   total 270580K, used 162347K [0x19350000, 0x29b8d000, 0x43e00000)
   the space 270580K,  59% used [0x19350000, 0x231daf28, 0x231db000, 0x29b8d000)
 Metaspace       used 273081K, capacity 285656K, committed 286720K, reserved 287104K
}
Event: 8439.446 GC heap before
{Heap before GC invocations=553 (full 33):
 def new generation   total 121856K, used 108352K [0x03e00000, 0x0c230000, 0x19350000)
  eden space 108352K, 100% used [0x03e00000, 0x0a7d0000, 0x0a7d0000)
  from space 13504K,   0% used [0x0a7d0000, 0x0a7d0000, 0x0b500000)
  to   space 13504K,   0% used [0x0b500000, 0x0b500000, 0x0c230000)
 tenured generation   total 270580K, used 162347K [0x19350000, 0x29b8d000, 0x43e00000)
   the space 270580K,  59% used [0x19350000, 0x231daf28, 0x231db000, 0x29b8d000)
 Metaspace       used 277288K, capacity 290010K, committed 290560K, reserved 291200K
Event: 8439.552 GC heap after
Heap after GC invocations=554 (full 33):
 def new generation   total 121856K, used 11641K [0x03e00000, 0x0c230000, 0x19350000)
  eden space 108352K,   0% used [0x03e00000, 0x03e00000, 0x0a7d0000)
  from space 13504K,  86% used [0x0b500000, 0x0c05e7a0, 0x0c230000)
  to   space 13504K,   0% used [0x0a7d0000, 0x0a7d0000, 0x0b500000)
 tenured generation   total 270580K, used 162347K [0x19350000, 0x29b8d000, 0x43e00000)
   the space 270580K,  59% used [0x19350000, 0x231daf28, 0x231db000, 0x29b8d000)
 Metaspace       used 277288K, capacity 290010K, committed 290560K, reserved 291200K
}
Event: 8443.503 GC heap before
{Heap before GC invocations=554 (full 33):
 def new generation   total 121856K, used 119993K [0x03e00000, 0x0c230000, 0x19350000)
  eden space 108352K, 100% used [0x03e00000, 0x0a7d0000, 0x0a7d0000)
  from space 13504K,  86% used [0x0b500000, 0x0c05e7a0, 0x0c230000)
  to   space 13504K,   0% used [0x0a7d0000, 0x0a7d0000, 0x0b500000)
 tenured generation   total 270580K, used 162347K [0x19350000, 0x29b8d000, 0x43e00000)
   the space 270580K,  59% used [0x19350000, 0x231daf28, 0x231db000, 0x29b8d000)
 Metaspace       used 278423K, capacity 291163K, committed 291712K, reserved 292224K
Event: 8443.579 GC heap after
Heap after GC invocations=555 (full 33):
 def new generation   total 121856K, used 3543K [0x03e00000, 0x0c230000, 0x19350000)
  eden space 108352K,   0% used [0x03e00000, 0x03e00000, 0x0a7d0000)
  from space 13504K,  26% used [0x0a7d0000, 0x0ab45ef0, 0x0b500000)
  to   space 13504K,   0% used [0x0b500000, 0x0b500000, 0x0c230000)
 tenured generation   total 270580K, used 168086K [0x19350000, 0x29b8d000, 0x43e00000)
   the space 270580K,  62% used [0x19350000, 0x237758f0, 0x23775a00, 0x29b8d000)
 Metaspace       used 278423K, capacity 291163K, committed 291712K, reserved 292224K
}
Event: 8458.284 GC heap before
{Heap before GC invocations=555 (full 33):
 def new generation   total 121856K, used 111895K [0x03e00000, 0x0c230000, 0x19350000)
  eden space 108352K, 100% used [0x03e00000, 0x0a7d0000, 0x0a7d0000)
  from space 13504K,  26% used [0x0a7d0000, 0x0ab45ef0, 0x0b500000)
  to   space 13504K,   0% used [0x0b500000, 0x0b500000, 0x0c230000)
 tenured generation   total 270580K, used 168086K [0x19350000, 0x29b8d000, 0x43e00000)
   the space 270580K,  62% used [0x19350000, 0x237758f0, 0x23775a00, 0x29b8d000)
 Metaspace       used 281098K, capacity 294097K, committed 294144K, reserved 294272K

